<?xml version="1.0" encoding="UTF-8"?>
<!-- Generated by org.testng.reporters.JUnitXMLReporter -->
<testsuite ignored="0" hostname="DESKTOP-QU4N233" failures="0" tests="2" name="Testrunner- chrome" time="0.815" errors="0" timestamp="2022-01-22T12:22:37 IST">
  <testcase classname="com.vtiger.comcast.generalUtility.BaseClass" name="@BeforeClass configBC" time="0.045">
    <failure type="java.lang.NullPointerException" message="Cannot invoke &amp;quot;org.openqa.selenium.WebDriver.manage()&amp;quot; because &amp;quot;this.driver&amp;quot; is null">
      <![CDATA[java.lang.NullPointerException: Cannot invoke "org.openqa.selenium.WebDriver.manage()" because "this.driver" is null
at com.vtiger.comcast.generalUtility.BaseClass.configBC(BaseClass.java:37)
at java.base/java.util.ArrayList.forEach(ArrayList.java:1511)
at java.base/java.util.concurrent.FutureTask.run(FutureTask.java:264)
at java.base/java.util.concurrent.ThreadPoolExecutor.runWorker(ThreadPoolExecutor.java:1130)
at java.base/java.util.concurrent.ThreadPoolExecutor$Worker.run(ThreadPoolExecutor.java:630)
at java.base/java.lang.Thread.run(Thread.java:831)
... Removed 16 stack frames]]>
    </failure>
  </testcase> <!-- @BeforeClass configBC -->
  <testcase classname="com.vtiger.comcast.generalUtility.BaseClass" name="@BeforeClass configBC" time="0.039">
    <failure type="java.lang.NullPointerException" message="Cannot invoke &amp;quot;org.openqa.selenium.WebDriver.manage()&amp;quot; because &amp;quot;this.driver&amp;quot; is null">
      <![CDATA[java.lang.NullPointerException: Cannot invoke "org.openqa.selenium.WebDriver.manage()" because "this.driver" is null
at com.vtiger.comcast.generalUtility.BaseClass.configBC(BaseClass.java:37)
at java.base/java.util.ArrayList.forEach(ArrayList.java:1511)
at java.base/java.util.concurrent.FutureTask.run(FutureTask.java:264)
at java.base/java.util.concurrent.ThreadPoolExecutor.runWorker(ThreadPoolExecutor.java:1130)
at java.base/java.util.concurrent.ThreadPoolExecutor$Worker.run(ThreadPoolExecutor.java:630)
at java.base/java.lang.Thread.run(Thread.java:831)
... Removed 16 stack frames]]>
    </failure>
  </testcase> <!-- @BeforeClass configBC -->
  <testcase classname="com.vtiger.comcast.generalUtility.BaseClass" name="@BeforeMethod configBM" time="-1.642834356953E9">
    <skipped/>
  </testcase> <!-- @BeforeMethod configBM -->
  <testcase classname="com.vtiger.comcast.generalUtility.BaseClass" name="@BeforeMethod configBM" time="-1.642834356953E9">
    <skipped/>
  </testcase> <!-- @BeforeMethod configBM -->
  <testcase classname="com.vtiger.comcast.generalUtility.BaseClass" name="@AfterMethod configAM" time="-1.642834357032E9">
    <skipped/>
  </testcase> <!-- @AfterMethod configAM -->
  <testcase classname="com.vtiger.comcast.generalUtility.BaseClass" name="@BeforeMethod configBM" time="-1.642834357081E9">
    <skipped/>
  </testcase> <!-- @BeforeMethod configBM -->
  <testcase classname="com.vtiger.comcast.generalUtility.BaseClass" name="@AfterMethod configAM" time="-1.642834357104E9">
    <skipped/>
  </testcase> <!-- @AfterMethod configAM -->
  <testcase classname="com.vtiger.comcast.generalUtility.BaseClass" name="@BeforeMethod configBM" time="-1.642834357164E9">
    <skipped/>
  </testcase> <!-- @BeforeMethod configBM -->
  <testcase classname="com.vtiger.comcast.generalUtility.BaseClass" name="@AfterMethod configAM" time="-1.642834357231E9">
    <skipped/>
  </testcase> <!-- @AfterMethod configAM -->
  <testcase classname="com.vtiger.comcast.generalUtility.BaseClass" name="@AfterClass configAC" time="-1.642834357262E9">
    <skipped/>
  </testcase> <!-- @AfterClass configAC -->
  <testcase classname="com.vtiger.comcast.generalUtility.BaseClass" name="@AfterMethod configAM" time="-1.642834357239E9">
    <skipped/>
  </testcase> <!-- @AfterMethod configAM -->
  <testcase classname="com.vtiger.comcast.generalUtility.BaseClass" name="@AfterClass configAC" time="-1.642834357298E9">
    <skipped/>
  </testcase> <!-- @AfterClass configAC -->
  <testcase classname="com.vtiger.comcast.organizationtest.CreateOrganizationTestNg" name="CreateOrganizationTest" time="0.0">
    <skipped/>
  </testcase> <!-- CreateOrganizationTest -->
  <testcase classname="com.vtiger.comcast.organizationtest.CreateOrganizationTestNg" name="CreateorganizationindustryTest" time="0.0">
    <skipped/>
  </testcase> <!-- CreateorganizationindustryTest -->
</testsuite> <!-- Testrunner- chrome -->
