<?xml version="1.0" encoding="UTF-8"?>
<!-- Generated by org.testng.reporters.JUnitXMLReporter -->
<testsuite ignored="2" hostname="DESKTOP-QU4N233" failures="0" tests="4" name="Testrunner- chrome" time="21.805" errors="0" timestamp="2022-01-21T17:42:21 IST">
  <testcase classname="com.vtiger.comcast.generalUtility.BaseClass" name="@BeforeMethod configBM" time="0.004">
    <failure type="java.lang.NullPointerException" message="Cannot invoke &amp;quot;org.openqa.selenium.WebDriver.get(String)&amp;quot; because &amp;quot;this.driver&amp;quot; is null">
      <![CDATA[java.lang.NullPointerException: Cannot invoke "org.openqa.selenium.WebDriver.get(String)" because "this.driver" is null
at com.vtiger.comcast.generalUtility.BaseClass.configBM(BaseClass.java:66)
at java.base/java.util.ArrayList.forEach(ArrayList.java:1511)
at java.base/java.util.concurrent.FutureTask.run(FutureTask.java:264)
at java.base/java.util.concurrent.ThreadPoolExecutor.runWorker(ThreadPoolExecutor.java:1130)
at java.base/java.util.concurrent.ThreadPoolExecutor$Worker.run(ThreadPoolExecutor.java:630)
at java.base/java.lang.Thread.run(Thread.java:831)
... Removed 22 stack frames]]>
    </failure>
  </testcase> <!-- @BeforeMethod configBM -->
  <testcase classname="com.vtiger.comcast.generalUtility.BaseClass" name="@AfterMethod configAM" time="-1.642767132113E9">
    <skipped/>
  </testcase> <!-- @AfterMethod configAM -->
  <testcase classname="com.vtiger.comcast.generalUtility.BaseClass" name="@BeforeMethod configBM" time="-1.642767132128E9">
    <skipped/>
  </testcase> <!-- @BeforeMethod configBM -->
  <testcase classname="com.vtiger.comcast.generalUtility.BaseClass" name="@AfterMethod configAM" time="-1.642767132195E9">
    <skipped/>
  </testcase> <!-- @AfterMethod configAM -->
  <testcase classname="com.vtiger.comcast.generalUtility.BaseClass" name="@AfterClass configAC" time="-1.642767132204E9">
    <skipped/>
  </testcase> <!-- @AfterClass configAC -->
  <testcase classname="com.vtiger.comcast.generalUtility.BaseClass" name="@BeforeMethod configBM" time="0.002">
    <failure type="java.lang.NullPointerException" message="Cannot invoke &amp;quot;org.openqa.selenium.WebDriver.get(String)&amp;quot; because &amp;quot;this.driver&amp;quot; is null">
      <![CDATA[java.lang.NullPointerException: Cannot invoke "org.openqa.selenium.WebDriver.get(String)" because "this.driver" is null
at com.vtiger.comcast.generalUtility.BaseClass.configBM(BaseClass.java:66)
at java.base/java.util.ArrayList.forEach(ArrayList.java:1511)
at java.base/java.util.concurrent.FutureTask.run(FutureTask.java:264)
at java.base/java.util.concurrent.ThreadPoolExecutor.runWorker(ThreadPoolExecutor.java:1130)
at java.base/java.util.concurrent.ThreadPoolExecutor$Worker.run(ThreadPoolExecutor.java:630)
at java.base/java.lang.Thread.run(Thread.java:831)
... Removed 22 stack frames]]>
    </failure>
  </testcase> <!-- @BeforeMethod configBM -->
  <testcase classname="com.vtiger.comcast.generalUtility.BaseClass" name="@AfterMethod configAM" time="-1.642767140143E9">
    <skipped/>
  </testcase> <!-- @AfterMethod configAM -->
  <testcase classname="com.vtiger.comcast.generalUtility.BaseClass" name="@BeforeMethod configBM" time="-1.642767140149E9">
    <skipped/>
  </testcase> <!-- @BeforeMethod configBM -->
  <testcase classname="com.vtiger.comcast.generalUtility.BaseClass" name="@AfterMethod configAM" time="-1.642767140161E9">
    <skipped/>
  </testcase> <!-- @AfterMethod configAM -->
  <testcase classname="com.vtiger.comcast.generalUtility.BaseClass" name="@AfterClass configAC" time="-1.642767140166E9">
    <skipped/>
  </testcase> <!-- @AfterClass configAC -->
  <testcase classname="com.vtiger.comcast.organizationtest.CreateOrganizationTestNg" name="CreateOrganizationTest" time="0.001">
    <skipped/>
  </testcase> <!-- CreateOrganizationTest -->
  <testcase classname="com.vtiger.comcast.organizationtest.CreateOrganizationTestNg" name="CreateorganizationindustryTest" time="0.001">
    <skipped/>
  </testcase> <!-- CreateorganizationindustryTest -->
  <testcase classname="com.vtiger.comcast.contact.CreateContactTestNg" name="CreatecontactTest" time="0.0">
    <skipped/>
  </testcase> <!-- CreatecontactTest -->
  <testcase classname="com.vtiger.comcast.contact.CreateContactTestNg" name="CreatecontacwithtOrganizationTest" time="0.0">
    <skipped/>
  </testcase> <!-- CreatecontacwithtOrganizationTest -->
  <testcase classname="com.vtiger.comcast.generalUtility.BaseClass" name="@BeforeSuite configBs" time="0.0">
    <ignored/>
  </testcase> <!-- @BeforeSuite configBs -->
  <testcase classname="com.vtiger.comcast.generalUtility.BaseClass" name="@AfterSuite configAS" time="0.0">
    <ignored/>
  </testcase> <!-- @AfterSuite configAS -->
</testsuite> <!-- Testrunner- chrome -->
