<?xml version="1.0" encoding="UTF-8"?>
<testng-results ignored="0" total="2" passed="1" failed="1" skipped="0">
  <reporter-output>
  </reporter-output>
  <suite started-at="2022-02-01T16:12:47 IST" name="Default suite" finished-at="2022-02-01T16:16:43 IST" duration-ms="235878">
    <groups>
      <group name="regressionTest">
        <method signature="CreateContactTestNgTest.CreatecontacwithtOrganizationTest()[pri:0, instance:com.vtiger.comcast.contact.CreateContactTestNgTest@7ed7259e]" name="CreatecontacwithtOrganizationTest" class="com.vtiger.comcast.contact.CreateContactTestNgTest"/>
      </group> <!-- regressionTest -->
      <group name="smokeTest">
        <method signature="CreateContactTestNgTest.CreatecontactTest()[pri:0, instance:com.vtiger.comcast.contact.CreateContactTestNgTest@7ed7259e]" name="CreatecontactTest" class="com.vtiger.comcast.contact.CreateContactTestNgTest"/>
      </group> <!-- smokeTest -->
    </groups>
    <test started-at="2022-02-01T16:12:47 IST" name="Default test" finished-at="2022-02-01T16:16:43 IST" duration-ms="235878">
      <class name="com.vtiger.comcast.contact.CreateContactTestNgTest">
        <test-method is-config="true" signature="configBs()[pri:0, instance:com.vtiger.comcast.contact.CreateContactTestNgTest@7ed7259e]" started-at="2022-02-01T16:12:47 IST" name="configBs" finished-at="2022-02-01T16:12:47 IST" duration-ms="33" status="PASS">
          <reporter-output>
          </reporter-output>
        </test-method> <!-- configBs -->
        <test-method is-config="true" signature="configBC()[pri:0, instance:com.vtiger.comcast.contact.CreateContactTestNgTest@7ed7259e]" started-at="2022-02-01T16:12:47 IST" name="configBC" finished-at="2022-02-01T16:13:35 IST" duration-ms="47972" status="PASS">
          <reporter-output>
          </reporter-output>
        </test-method> <!-- configBC -->
        <test-method is-config="true" signature="configBM()[pri:0, instance:com.vtiger.comcast.contact.CreateContactTestNgTest@7ed7259e]" started-at="2022-02-01T16:13:35 IST" name="configBM" finished-at="2022-02-01T16:14:34 IST" duration-ms="58701" status="PASS">
          <reporter-output>
          </reporter-output>
        </test-method> <!-- configBM -->
        <test-method signature="CreatecontactTest()[pri:0, instance:com.vtiger.comcast.contact.CreateContactTestNgTest@7ed7259e]" started-at="2022-02-01T16:14:34 IST" name="CreatecontactTest" finished-at="2022-02-01T16:15:28 IST" duration-ms="53571" status="PASS">
          <reporter-output>
          </reporter-output>
        </test-method> <!-- CreatecontactTest -->
        <test-method is-config="true" signature="configAM()[pri:0, instance:com.vtiger.comcast.contact.CreateContactTestNgTest@7ed7259e]" started-at="2022-02-01T16:15:28 IST" name="configAM" finished-at="2022-02-01T16:15:32 IST" duration-ms="4226" status="PASS">
          <reporter-output>
          </reporter-output>
        </test-method> <!-- configAM -->
        <test-method is-config="true" signature="configBM()[pri:0, instance:com.vtiger.comcast.contact.CreateContactTestNgTest@7ed7259e]" started-at="2022-02-01T16:15:32 IST" name="configBM" finished-at="2022-02-01T16:15:41 IST" duration-ms="8537" status="PASS">
          <reporter-output>
          </reporter-output>
        </test-method> <!-- configBM -->
        <test-method signature="CreatecontacwithtOrganizationTest()[pri:0, instance:com.vtiger.comcast.contact.CreateContactTestNgTest@7ed7259e]" started-at="2022-02-01T16:15:41 IST" name="CreatecontacwithtOrganizationTest" finished-at="2022-02-01T16:16:38 IST" duration-ms="57485" status="FAIL">
          <exception class="java.lang.AssertionError">
            <message>
              <![CDATA[expected [HDFC-4432] but found [[ CON42 ] HDFC-4432 - Contact Information]]]>
            </message>
            <full-stacktrace>
              <![CDATA[java.lang.AssertionError: expected [HDFC-4432] but found [[ CON42 ] HDFC-4432 - Contact Information]
at org.testng.Assert.fail(Assert.java:99)
at org.testng.Assert.failNotEquals(Assert.java:1037)
at org.testng.Assert.assertEqualsImpl(Assert.java:140)
at org.testng.Assert.assertEquals(Assert.java:122)
at org.testng.Assert.assertEquals(Assert.java:629)
at org.testng.Assert.assertEquals(Assert.java:639)
at com.vtiger.comcast.contact.CreateContactTestNgTest.CreatecontacwithtOrganizationTest(CreateContactTestNgTest.java:89)
at java.base/jdk.internal.reflect.NativeMethodAccessorImpl.invoke0(Native Method)
at java.base/jdk.internal.reflect.NativeMethodAccessorImpl.invoke(NativeMethodAccessorImpl.java:78)
at java.base/jdk.internal.reflect.DelegatingMethodAccessorImpl.invoke(DelegatingMethodAccessorImpl.java:43)
at java.base/java.lang.reflect.Method.invoke(Method.java:567)
at org.testng.internal.MethodInvocationHelper.invokeMethod(MethodInvocationHelper.java:133)
at org.testng.internal.TestInvoker.invokeMethod(TestInvoker.java:598)
at org.testng.internal.TestInvoker.invokeTestMethod(TestInvoker.java:173)
at org.testng.internal.MethodRunner.runInSequence(MethodRunner.java:46)
at org.testng.internal.TestInvoker$MethodInvocationAgent.invoke(TestInvoker.java:824)
at org.testng.internal.TestInvoker.invokeTestMethods(TestInvoker.java:146)
at org.testng.internal.TestMethodWorker.invokeTestMethods(TestMethodWorker.java:146)
at org.testng.internal.TestMethodWorker.run(TestMethodWorker.java:128)
at java.base/java.util.ArrayList.forEach(ArrayList.java:1511)
at org.testng.TestRunner.privateRun(TestRunner.java:794)
at org.testng.TestRunner.run(TestRunner.java:596)
at org.testng.SuiteRunner.runTest(SuiteRunner.java:377)
at org.testng.SuiteRunner.runSequentially(SuiteRunner.java:371)
at org.testng.SuiteRunner.privateRun(SuiteRunner.java:332)
at org.testng.SuiteRunner.run(SuiteRunner.java:276)
at org.testng.SuiteRunnerWorker.runSuite(SuiteRunnerWorker.java:53)
at org.testng.SuiteRunnerWorker.run(SuiteRunnerWorker.java:96)
at org.testng.TestNG.runSuitesSequentially(TestNG.java:1212)
at org.testng.TestNG.runSuitesLocally(TestNG.java:1134)
at org.testng.TestNG.runSuites(TestNG.java:1063)
at org.testng.TestNG.run(TestNG.java:1031)
at org.testng.remote.AbstractRemoteTestNG.run(AbstractRemoteTestNG.java:115)
at org.testng.remote.RemoteTestNG.initAndRun(RemoteTestNG.java:251)
at org.testng.remote.RemoteTestNG.main(RemoteTestNG.java:77)
]]>
            </full-stacktrace>
          </exception> <!-- java.lang.AssertionError -->
          <reporter-output>
          </reporter-output>
        </test-method> <!-- CreatecontacwithtOrganizationTest -->
        <test-method is-config="true" signature="configAM()[pri:0, instance:com.vtiger.comcast.contact.CreateContactTestNgTest@7ed7259e]" started-at="2022-02-01T16:16:38 IST" name="configAM" finished-at="2022-02-01T16:16:42 IST" duration-ms="4224" status="PASS">
          <reporter-output>
          </reporter-output>
        </test-method> <!-- configAM -->
        <test-method is-config="true" signature="configAC()[pri:0, instance:com.vtiger.comcast.contact.CreateContactTestNgTest@7ed7259e]" started-at="2022-02-01T16:16:42 IST" name="configAC" finished-at="2022-02-01T16:16:43 IST" duration-ms="937" status="PASS">
          <reporter-output>
          </reporter-output>
        </test-method> <!-- configAC -->
        <test-method is-config="true" signature="configAS()[pri:0, instance:com.vtiger.comcast.contact.CreateContactTestNgTest@7ed7259e]" started-at="2022-02-01T16:16:45 IST" name="configAS" finished-at="2022-02-01T16:16:45 IST" duration-ms="1" status="PASS">
          <reporter-output>
          </reporter-output>
        </test-method> <!-- configAS -->
      </class> <!-- com.vtiger.comcast.contact.CreateContactTestNgTest -->
    </test> <!-- Default test -->
  </suite> <!-- Default suite -->
</testng-results>
